2016-06-08 10:10:52,082 - Log4JLogChute initialized using file 'velocity.log'
2016-06-08 10:10:52,086 - Initializing Velocity, Calling init()...
2016-06-08 10:10:52,086 - Starting Apache Velocity v1.7 (compiled: 2010-11-19 12:14:37)
2016-06-08 10:10:52,086 - Default Properties File: org/apache/velocity/runtime/defaults/velocity.properties
2016-06-08 10:10:52,086 - Trying to use logger class org.apache.velocity.runtime.log.AvalonLogChute
2016-06-08 10:10:52,086 - Target log system for org.apache.velocity.runtime.log.AvalonLogChute is not available (java.lang.NoClassDefFoundError: org/apache/log/format/Formatter).  Falling back to next log system...
2016-06-08 10:10:52,087 - Trying to use logger class org.apache.velocity.runtime.log.Log4JLogChute
2016-06-08 10:10:52,087 - Using logger class org.apache.velocity.runtime.log.Log4JLogChute
2016-06-08 10:10:52,099 - ResourceLoader instantiated: org.apache.velocity.runtime.resource.loader.ClasspathResourceLoader
2016-06-08 10:10:52,157 - ResourceCache: initialized (class org.apache.velocity.runtime.resource.ResourceCacheImpl) with class java.util.Collections$SynchronizedMap cache map.
2016-06-08 10:10:52,172 - Loaded System Directive: org.apache.velocity.runtime.directive.Stop
2016-06-08 10:10:52,177 - Loaded System Directive: org.apache.velocity.runtime.directive.Define
2016-06-08 10:10:52,179 - Loaded System Directive: org.apache.velocity.runtime.directive.Break
2016-06-08 10:10:52,181 - Loaded System Directive: org.apache.velocity.runtime.directive.Evaluate
2016-06-08 10:10:52,184 - Loaded System Directive: org.apache.velocity.runtime.directive.Literal
2016-06-08 10:10:52,188 - Loaded System Directive: org.apache.velocity.runtime.directive.Macro
2016-06-08 10:10:52,190 - Loaded System Directive: org.apache.velocity.runtime.directive.Parse
2016-06-08 10:10:52,194 - Loaded System Directive: org.apache.velocity.runtime.directive.Include
2016-06-08 10:10:52,197 - Loaded System Directive: org.apache.velocity.runtime.directive.Foreach
2016-06-08 10:10:52,460 - Created '20' parsers.
2016-06-08 10:10:52,495 - Velocimacro : "velocimacro.library" is not set.  Trying default library: VM_global_library.vm
2016-06-08 10:10:52,501 - Could not load resource 'VM_global_library.vm' from ResourceLoader org.apache.velocity.runtime.resource.loader.ClasspathResourceLoader: ClasspathResourceLoader Error: cannot find resource VM_global_library.vm
2016-06-08 10:10:52,501 - Velocimacro : Default library not found.
2016-06-08 10:10:52,501 - Velocimacro : allowInline = true : VMs can be defined inline in templates
2016-06-08 10:10:52,501 - Velocimacro : allowInlineToOverride = false : VMs defined inline may NOT replace previous VM definitions
2016-06-08 10:10:52,501 - Velocimacro : allowInlineLocal = false : VMs defined inline will be global in scope if allowed.
2016-06-08 10:10:52,501 - Velocimacro : autoload off : VM system will not automatically reload global library macros
2016-06-08 10:10:52,504 - ResourceManager : unable to find resource 'hellovelocity.vm' in any resource loader.
2016-06-08 10:12:56,811 - Log4JLogChute initialized using file 'velocity.log'
2016-06-08 10:12:56,813 - Initializing Velocity, Calling init()...
2016-06-08 10:12:56,814 - Starting Apache Velocity v1.7 (compiled: 2010-11-19 12:14:37)
2016-06-08 10:12:56,814 - Default Properties File: org/apache/velocity/runtime/defaults/velocity.properties
2016-06-08 10:12:56,814 - Trying to use logger class org.apache.velocity.runtime.log.AvalonLogChute
2016-06-08 10:12:56,814 - Target log system for org.apache.velocity.runtime.log.AvalonLogChute is not available (java.lang.NoClassDefFoundError: org/apache/log/format/Formatter).  Falling back to next log system...
2016-06-08 10:12:56,814 - Trying to use logger class org.apache.velocity.runtime.log.Log4JLogChute
2016-06-08 10:12:56,815 - Using logger class org.apache.velocity.runtime.log.Log4JLogChute
2016-06-08 10:12:56,821 - ResourceLoader instantiated: org.apache.velocity.runtime.resource.loader.ClasspathResourceLoader
2016-06-08 10:12:56,852 - ResourceCache: initialized (class org.apache.velocity.runtime.resource.ResourceCacheImpl) with class java.util.Collections$SynchronizedMap cache map.
2016-06-08 10:12:56,855 - Loaded System Directive: org.apache.velocity.runtime.directive.Stop
2016-06-08 10:12:56,862 - Loaded System Directive: org.apache.velocity.runtime.directive.Define
2016-06-08 10:12:56,863 - Loaded System Directive: org.apache.velocity.runtime.directive.Break
2016-06-08 10:12:56,865 - Loaded System Directive: org.apache.velocity.runtime.directive.Evaluate
2016-06-08 10:12:56,866 - Loaded System Directive: org.apache.velocity.runtime.directive.Literal
2016-06-08 10:12:56,869 - Loaded System Directive: org.apache.velocity.runtime.directive.Macro
2016-06-08 10:12:56,871 - Loaded System Directive: org.apache.velocity.runtime.directive.Parse
2016-06-08 10:12:56,875 - Loaded System Directive: org.apache.velocity.runtime.directive.Include
2016-06-08 10:12:56,877 - Loaded System Directive: org.apache.velocity.runtime.directive.Foreach
2016-06-08 10:12:56,982 - Created '20' parsers.
2016-06-08 10:12:57,015 - Velocimacro : "velocimacro.library" is not set.  Trying default library: VM_global_library.vm
2016-06-08 10:12:57,016 - Could not load resource 'VM_global_library.vm' from ResourceLoader org.apache.velocity.runtime.resource.loader.ClasspathResourceLoader: ClasspathResourceLoader Error: cannot find resource VM_global_library.vm
2016-06-08 10:12:57,016 - Velocimacro : Default library not found.
2016-06-08 10:12:57,016 - Velocimacro : allowInline = true : VMs can be defined inline in templates
2016-06-08 10:12:57,016 - Velocimacro : allowInlineToOverride = false : VMs defined inline may NOT replace previous VM definitions
2016-06-08 10:12:57,016 - Velocimacro : allowInlineLocal = false : VMs defined inline will be global in scope if allowed.
2016-06-08 10:12:57,016 - Velocimacro : autoload off : VM system will not automatically reload global library macros
2016-06-08 10:12:57,031 - ResourceManager : unable to find resource 'classpath:hellovelocity.vm' in any resource loader.
2016-06-08 10:13:08,955 - Log4JLogChute initialized using file 'velocity.log'
2016-06-08 10:13:08,957 - Initializing Velocity, Calling init()...
2016-06-08 10:13:08,957 - Starting Apache Velocity v1.7 (compiled: 2010-11-19 12:14:37)
2016-06-08 10:13:08,957 - Default Properties File: org/apache/velocity/runtime/defaults/velocity.properties
2016-06-08 10:13:08,957 - Trying to use logger class org.apache.velocity.runtime.log.AvalonLogChute
2016-06-08 10:13:08,957 - Target log system for org.apache.velocity.runtime.log.AvalonLogChute is not available (java.lang.NoClassDefFoundError: org/apache/log/format/Formatter).  Falling back to next log system...
2016-06-08 10:13:08,957 - Trying to use logger class org.apache.velocity.runtime.log.Log4JLogChute
2016-06-08 10:13:08,957 - Using logger class org.apache.velocity.runtime.log.Log4JLogChute
2016-06-08 10:13:08,961 - ResourceLoader instantiated: org.apache.velocity.runtime.resource.loader.ClasspathResourceLoader
2016-06-08 10:13:08,981 - ResourceCache: initialized (class org.apache.velocity.runtime.resource.ResourceCacheImpl) with class java.util.Collections$SynchronizedMap cache map.
2016-06-08 10:13:08,984 - Loaded System Directive: org.apache.velocity.runtime.directive.Stop
2016-06-08 10:13:08,986 - Loaded System Directive: org.apache.velocity.runtime.directive.Define
2016-06-08 10:13:08,988 - Loaded System Directive: org.apache.velocity.runtime.directive.Break
2016-06-08 10:13:08,990 - Loaded System Directive: org.apache.velocity.runtime.directive.Evaluate
2016-06-08 10:13:08,991 - Loaded System Directive: org.apache.velocity.runtime.directive.Literal
2016-06-08 10:13:08,994 - Loaded System Directive: org.apache.velocity.runtime.directive.Macro
2016-06-08 10:13:08,996 - Loaded System Directive: org.apache.velocity.runtime.directive.Parse
2016-06-08 10:13:08,999 - Loaded System Directive: org.apache.velocity.runtime.directive.Include
2016-06-08 10:13:09,008 - Loaded System Directive: org.apache.velocity.runtime.directive.Foreach
2016-06-08 10:13:09,053 - Created '20' parsers.
2016-06-08 10:13:09,064 - Velocimacro : "velocimacro.library" is not set.  Trying default library: VM_global_library.vm
2016-06-08 10:13:09,064 - Could not load resource 'VM_global_library.vm' from ResourceLoader org.apache.velocity.runtime.resource.loader.ClasspathResourceLoader: ClasspathResourceLoader Error: cannot find resource VM_global_library.vm
2016-06-08 10:13:09,064 - Velocimacro : Default library not found.
2016-06-08 10:13:09,064 - Velocimacro : allowInline = true : VMs can be defined inline in templates
2016-06-08 10:13:09,065 - Velocimacro : allowInlineToOverride = false : VMs defined inline may NOT replace previous VM definitions
2016-06-08 10:13:09,065 - Velocimacro : allowInlineLocal = false : VMs defined inline will be global in scope if allowed.
2016-06-08 10:13:09,065 - Velocimacro : autoload off : VM system will not automatically reload global library macros
2016-06-08 10:13:09,067 - ResourceManager : unable to find resource 'hellovelocity.vm' in any resource loader.
2016-06-08 10:13:37,498 - Log4JLogChute initialized using file 'velocity.log'
2016-06-08 10:13:37,499 - Initializing Velocity, Calling init()...
2016-06-08 10:13:37,499 - Starting Apache Velocity v1.7 (compiled: 2010-11-19 12:14:37)
2016-06-08 10:13:37,499 - Default Properties File: org/apache/velocity/runtime/defaults/velocity.properties
2016-06-08 10:13:37,499 - Trying to use logger class org.apache.velocity.runtime.log.AvalonLogChute
2016-06-08 10:13:37,499 - Target log system for org.apache.velocity.runtime.log.AvalonLogChute is not available (java.lang.NoClassDefFoundError: org/apache/log/format/Formatter).  Falling back to next log system...
2016-06-08 10:13:37,499 - Trying to use logger class org.apache.velocity.runtime.log.Log4JLogChute
2016-06-08 10:13:37,499 - Using logger class org.apache.velocity.runtime.log.Log4JLogChute
2016-06-08 10:13:37,504 - ResourceLoader instantiated: org.apache.velocity.runtime.resource.loader.ClasspathResourceLoader
2016-06-08 10:13:37,527 - ResourceCache: initialized (class org.apache.velocity.runtime.resource.ResourceCacheImpl) with class java.util.Collections$SynchronizedMap cache map.
2016-06-08 10:13:37,530 - Loaded System Directive: org.apache.velocity.runtime.directive.Stop
2016-06-08 10:13:37,534 - Loaded System Directive: org.apache.velocity.runtime.directive.Define
2016-06-08 10:13:37,537 - Loaded System Directive: org.apache.velocity.runtime.directive.Break
2016-06-08 10:13:37,540 - Loaded System Directive: org.apache.velocity.runtime.directive.Evaluate
2016-06-08 10:13:37,543 - Loaded System Directive: org.apache.velocity.runtime.directive.Literal
2016-06-08 10:13:37,548 - Loaded System Directive: org.apache.velocity.runtime.directive.Macro
2016-06-08 10:13:37,554 - Loaded System Directive: org.apache.velocity.runtime.directive.Parse
2016-06-08 10:13:37,558 - Loaded System Directive: org.apache.velocity.runtime.directive.Include
2016-06-08 10:13:37,560 - Loaded System Directive: org.apache.velocity.runtime.directive.Foreach
2016-06-08 10:13:37,609 - Created '20' parsers.
2016-06-08 10:13:37,622 - Velocimacro : "velocimacro.library" is not set.  Trying default library: VM_global_library.vm
2016-06-08 10:13:37,623 - Could not load resource 'VM_global_library.vm' from ResourceLoader org.apache.velocity.runtime.resource.loader.ClasspathResourceLoader: ClasspathResourceLoader Error: cannot find resource VM_global_library.vm
2016-06-08 10:13:37,623 - Velocimacro : Default library not found.
2016-06-08 10:13:37,623 - Velocimacro : allowInline = true : VMs can be defined inline in templates
2016-06-08 10:13:37,623 - Velocimacro : allowInlineToOverride = false : VMs defined inline may NOT replace previous VM definitions
2016-06-08 10:13:37,623 - Velocimacro : allowInlineLocal = false : VMs defined inline will be global in scope if allowed.
2016-06-08 10:13:37,623 - Velocimacro : autoload off : VM system will not automatically reload global library macros
2016-06-08 10:13:37,625 - ResourceManager : unable to find resource '/resources/hellovelocity.vm' in any resource loader.
2016-06-08 10:13:52,943 - Log4JLogChute initialized using file 'velocity.log'
2016-06-08 10:13:52,944 - Initializing Velocity, Calling init()...
2016-06-08 10:13:52,944 - Starting Apache Velocity v1.7 (compiled: 2010-11-19 12:14:37)
2016-06-08 10:13:52,944 - Default Properties File: org/apache/velocity/runtime/defaults/velocity.properties
2016-06-08 10:13:52,944 - Trying to use logger class org.apache.velocity.runtime.log.AvalonLogChute
2016-06-08 10:13:52,944 - Target log system for org.apache.velocity.runtime.log.AvalonLogChute is not available (java.lang.NoClassDefFoundError: org/apache/log/format/Formatter).  Falling back to next log system...
2016-06-08 10:13:52,944 - Trying to use logger class org.apache.velocity.runtime.log.Log4JLogChute
2016-06-08 10:13:52,944 - Using logger class org.apache.velocity.runtime.log.Log4JLogChute
2016-06-08 10:13:52,949 - ResourceLoader instantiated: org.apache.velocity.runtime.resource.loader.ClasspathResourceLoader
2016-06-08 10:13:52,970 - ResourceCache: initialized (class org.apache.velocity.runtime.resource.ResourceCacheImpl) with class java.util.Collections$SynchronizedMap cache map.
2016-06-08 10:13:52,973 - Loaded System Directive: org.apache.velocity.runtime.directive.Stop
2016-06-08 10:13:52,975 - Loaded System Directive: org.apache.velocity.runtime.directive.Define
2016-06-08 10:13:52,977 - Loaded System Directive: org.apache.velocity.runtime.directive.Break
2016-06-08 10:13:52,978 - Loaded System Directive: org.apache.velocity.runtime.directive.Evaluate
2016-06-08 10:13:52,979 - Loaded System Directive: org.apache.velocity.runtime.directive.Literal
2016-06-08 10:13:52,981 - Loaded System Directive: org.apache.velocity.runtime.directive.Macro
2016-06-08 10:13:52,984 - Loaded System Directive: org.apache.velocity.runtime.directive.Parse
2016-06-08 10:13:52,986 - Loaded System Directive: org.apache.velocity.runtime.directive.Include
2016-06-08 10:13:52,989 - Loaded System Directive: org.apache.velocity.runtime.directive.Foreach
2016-06-08 10:13:53,063 - Created '20' parsers.
2016-06-08 10:13:53,091 - Velocimacro : "velocimacro.library" is not set.  Trying default library: VM_global_library.vm
2016-06-08 10:13:53,093 - Could not load resource 'VM_global_library.vm' from ResourceLoader org.apache.velocity.runtime.resource.loader.ClasspathResourceLoader: ClasspathResourceLoader Error: cannot find resource VM_global_library.vm
2016-06-08 10:13:53,093 - Velocimacro : Default library not found.
2016-06-08 10:13:53,093 - Velocimacro : allowInline = true : VMs can be defined inline in templates
2016-06-08 10:13:53,093 - Velocimacro : allowInlineToOverride = false : VMs defined inline may NOT replace previous VM definitions
2016-06-08 10:13:53,093 - Velocimacro : allowInlineLocal = false : VMs defined inline will be global in scope if allowed.
2016-06-08 10:13:53,093 - Velocimacro : autoload off : VM system will not automatically reload global library macros
2016-06-08 10:13:53,096 - ResourceManager : unable to find resource '/paner/test/velocity/hellovelocity.vm' in any resource loader.
2016-06-08 10:15:03,457 - Log4JLogChute initialized using file 'velocity.log'
2016-06-08 10:15:03,459 - Initializing Velocity, Calling init()...
2016-06-08 10:15:03,459 - Starting Apache Velocity v1.7 (compiled: 2010-11-19 12:14:37)
2016-06-08 10:15:03,459 - Default Properties File: org/apache/velocity/runtime/defaults/velocity.properties
2016-06-08 10:15:03,459 - Trying to use logger class org.apache.velocity.runtime.log.AvalonLogChute
2016-06-08 10:15:03,459 - Target log system for org.apache.velocity.runtime.log.AvalonLogChute is not available (java.lang.NoClassDefFoundError: org/apache/log/format/Formatter).  Falling back to next log system...
2016-06-08 10:15:03,459 - Trying to use logger class org.apache.velocity.runtime.log.Log4JLogChute
2016-06-08 10:15:03,459 - Using logger class org.apache.velocity.runtime.log.Log4JLogChute
2016-06-08 10:15:03,464 - ResourceLoader instantiated: org.apache.velocity.runtime.resource.loader.ClasspathResourceLoader
2016-06-08 10:15:03,492 - ResourceCache: initialized (class org.apache.velocity.runtime.resource.ResourceCacheImpl) with class java.util.Collections$SynchronizedMap cache map.
2016-06-08 10:15:03,526 - Loaded System Directive: org.apache.velocity.runtime.directive.Stop
2016-06-08 10:15:03,531 - Loaded System Directive: org.apache.velocity.runtime.directive.Define
2016-06-08 10:15:03,534 - Loaded System Directive: org.apache.velocity.runtime.directive.Break
2016-06-08 10:15:03,541 - Loaded System Directive: org.apache.velocity.runtime.directive.Evaluate
2016-06-08 10:15:03,546 - Loaded System Directive: org.apache.velocity.runtime.directive.Literal
2016-06-08 10:15:03,554 - Loaded System Directive: org.apache.velocity.runtime.directive.Macro
2016-06-08 10:15:03,557 - Loaded System Directive: org.apache.velocity.runtime.directive.Parse
2016-06-08 10:15:03,562 - Loaded System Directive: org.apache.velocity.runtime.directive.Include
2016-06-08 10:15:03,564 - Loaded System Directive: org.apache.velocity.runtime.directive.Foreach
2016-06-08 10:15:03,642 - Created '20' parsers.
2016-06-08 10:15:03,676 - Velocimacro : "velocimacro.library" is not set.  Trying default library: VM_global_library.vm
2016-06-08 10:15:03,679 - Could not load resource 'VM_global_library.vm' from ResourceLoader org.apache.velocity.runtime.resource.loader.ClasspathResourceLoader: ClasspathResourceLoader Error: cannot find resource VM_global_library.vm
2016-06-08 10:15:03,680 - Velocimacro : Default library not found.
2016-06-08 10:15:03,680 - Velocimacro : allowInline = true : VMs can be defined inline in templates
2016-06-08 10:15:03,680 - Velocimacro : allowInlineToOverride = false : VMs defined inline may NOT replace previous VM definitions
2016-06-08 10:15:03,680 - Velocimacro : allowInlineLocal = false : VMs defined inline will be global in scope if allowed.
2016-06-08 10:15:03,680 - Velocimacro : autoload off : VM system will not automatically reload global library macros
2016-06-08 10:15:03,683 - ResourceManager : unable to find resource 'hellovelocity.vm' in any resource loader.
2016-06-08 10:17:25,301 - Log4JLogChute initialized using file 'velocity.log'
2016-06-08 10:17:25,302 - Initializing Velocity, Calling init()...
2016-06-08 10:17:25,302 - Starting Apache Velocity v1.7 (compiled: 2010-11-19 12:14:37)
2016-06-08 10:17:25,302 - Default Properties File: org/apache/velocity/runtime/defaults/velocity.properties
2016-06-08 10:17:25,302 - Trying to use logger class org.apache.velocity.runtime.log.AvalonLogChute
2016-06-08 10:17:25,302 - Target log system for org.apache.velocity.runtime.log.AvalonLogChute is not available (java.lang.NoClassDefFoundError: org/apache/log/format/Formatter).  Falling back to next log system...
2016-06-08 10:17:25,302 - Trying to use logger class org.apache.velocity.runtime.log.Log4JLogChute
2016-06-08 10:17:25,302 - Using logger class org.apache.velocity.runtime.log.Log4JLogChute
2016-06-08 10:17:25,306 - ResourceLoader instantiated: org.apache.velocity.runtime.resource.loader.ClasspathResourceLoader
2016-06-08 10:17:25,340 - ResourceCache: initialized (class org.apache.velocity.runtime.resource.ResourceCacheImpl) with class java.util.Collections$SynchronizedMap cache map.
2016-06-08 10:17:25,344 - Loaded System Directive: org.apache.velocity.runtime.directive.Stop
2016-06-08 10:17:25,349 - Loaded System Directive: org.apache.velocity.runtime.directive.Define
2016-06-08 10:17:25,350 - Loaded System Directive: org.apache.velocity.runtime.directive.Break
2016-06-08 10:17:25,353 - Loaded System Directive: org.apache.velocity.runtime.directive.Evaluate
2016-06-08 10:17:25,358 - Loaded System Directive: org.apache.velocity.runtime.directive.Literal
2016-06-08 10:17:25,362 - Loaded System Directive: org.apache.velocity.runtime.directive.Macro
2016-06-08 10:17:25,364 - Loaded System Directive: org.apache.velocity.runtime.directive.Parse
2016-06-08 10:17:25,370 - Loaded System Directive: org.apache.velocity.runtime.directive.Include
2016-06-08 10:17:25,372 - Loaded System Directive: org.apache.velocity.runtime.directive.Foreach
2016-06-08 10:17:25,424 - Created '20' parsers.
2016-06-08 10:17:25,438 - Velocimacro : "velocimacro.library" is not set.  Trying default library: VM_global_library.vm
2016-06-08 10:17:25,441 - Could not load resource 'VM_global_library.vm' from ResourceLoader org.apache.velocity.runtime.resource.loader.ClasspathResourceLoader: ClasspathResourceLoader Error: cannot find resource VM_global_library.vm
2016-06-08 10:17:25,441 - Velocimacro : Default library not found.
2016-06-08 10:17:25,441 - Velocimacro : allowInline = true : VMs can be defined inline in templates
2016-06-08 10:17:25,441 - Velocimacro : allowInlineToOverride = false : VMs defined inline may NOT replace previous VM definitions
2016-06-08 10:17:25,442 - Velocimacro : allowInlineLocal = false : VMs defined inline will be global in scope if allowed.
2016-06-08 10:17:25,442 - Velocimacro : autoload off : VM system will not automatically reload global library macros
2016-06-08 10:17:25,463 - ResourceManager : found hellovelocity.vm with loader org.apache.velocity.runtime.resource.loader.ClasspathResourceLoader
2016-06-08 10:17:46,708 - Log4JLogChute initialized using file 'velocity.log'
2016-06-08 10:17:46,713 - Initializing Velocity, Calling init()...
2016-06-08 10:17:46,713 - Starting Apache Velocity v1.7 (compiled: 2010-11-19 12:14:37)
2016-06-08 10:17:46,713 - Default Properties File: org/apache/velocity/runtime/defaults/velocity.properties
2016-06-08 10:17:46,713 - Trying to use logger class org.apache.velocity.runtime.log.AvalonLogChute
2016-06-08 10:17:46,713 - Target log system for org.apache.velocity.runtime.log.AvalonLogChute is not available (java.lang.NoClassDefFoundError: org/apache/log/format/Formatter).  Falling back to next log system...
2016-06-08 10:17:46,713 - Trying to use logger class org.apache.velocity.runtime.log.Log4JLogChute
2016-06-08 10:17:46,713 - Using logger class org.apache.velocity.runtime.log.Log4JLogChute
2016-06-08 10:17:46,718 - ResourceLoader instantiated: org.apache.velocity.runtime.resource.loader.ClasspathResourceLoader
2016-06-08 10:17:46,746 - ResourceCache: initialized (class org.apache.velocity.runtime.resource.ResourceCacheImpl) with class java.util.Collections$SynchronizedMap cache map.
2016-06-08 10:17:46,756 - Loaded System Directive: org.apache.velocity.runtime.directive.Stop
2016-06-08 10:17:46,761 - Loaded System Directive: org.apache.velocity.runtime.directive.Define
2016-06-08 10:17:46,789 - Loaded System Directive: org.apache.velocity.runtime.directive.Break
2016-06-08 10:17:46,792 - Loaded System Directive: org.apache.velocity.runtime.directive.Evaluate
2016-06-08 10:17:46,805 - Loaded System Directive: org.apache.velocity.runtime.directive.Literal
2016-06-08 10:17:46,823 - Loaded System Directive: org.apache.velocity.runtime.directive.Macro
2016-06-08 10:17:46,831 - Loaded System Directive: org.apache.velocity.runtime.directive.Parse
2016-06-08 10:17:46,836 - Loaded System Directive: org.apache.velocity.runtime.directive.Include
2016-06-08 10:17:46,838 - Loaded System Directive: org.apache.velocity.runtime.directive.Foreach
2016-06-08 10:17:46,936 - Created '20' parsers.
2016-06-08 10:17:46,961 - Velocimacro : "velocimacro.library" is not set.  Trying default library: VM_global_library.vm
2016-06-08 10:17:46,962 - Could not load resource 'VM_global_library.vm' from ResourceLoader org.apache.velocity.runtime.resource.loader.ClasspathResourceLoader: ClasspathResourceLoader Error: cannot find resource VM_global_library.vm
2016-06-08 10:17:46,962 - Velocimacro : Default library not found.
2016-06-08 10:17:46,962 - Velocimacro : allowInline = true : VMs can be defined inline in templates
2016-06-08 10:17:46,962 - Velocimacro : allowInlineToOverride = false : VMs defined inline may NOT replace previous VM definitions
2016-06-08 10:17:46,962 - Velocimacro : allowInlineLocal = false : VMs defined inline will be global in scope if allowed.
2016-06-08 10:17:46,963 - Velocimacro : autoload off : VM system will not automatically reload global library macros
2016-06-08 10:17:48,689 - ResourceManager : found hellovelocity.vm with loader org.apache.velocity.runtime.resource.loader.ClasspathResourceLoader
2016-06-08 10:18:42,697 - Log4JLogChute initialized using file 'velocity.log'
2016-06-08 10:18:42,699 - Initializing Velocity, Calling init()...
2016-06-08 10:18:42,699 - Starting Apache Velocity v1.7 (compiled: 2010-11-19 12:14:37)
2016-06-08 10:18:42,699 - Default Properties File: org/apache/velocity/runtime/defaults/velocity.properties
2016-06-08 10:18:42,699 - Trying to use logger class org.apache.velocity.runtime.log.AvalonLogChute
2016-06-08 10:18:42,699 - Target log system for org.apache.velocity.runtime.log.AvalonLogChute is not available (java.lang.NoClassDefFoundError: org/apache/log/format/Formatter).  Falling back to next log system...
2016-06-08 10:18:42,699 - Trying to use logger class org.apache.velocity.runtime.log.Log4JLogChute
2016-06-08 10:18:42,699 - Using logger class org.apache.velocity.runtime.log.Log4JLogChute
2016-06-08 10:18:42,703 - ResourceLoader instantiated: org.apache.velocity.runtime.resource.loader.ClasspathResourceLoader
2016-06-08 10:18:42,733 - ResourceCache: initialized (class org.apache.velocity.runtime.resource.ResourceCacheImpl) with class java.util.Collections$SynchronizedMap cache map.
2016-06-08 10:18:42,736 - Loaded System Directive: org.apache.velocity.runtime.directive.Stop
2016-06-08 10:18:42,739 - Loaded System Directive: org.apache.velocity.runtime.directive.Define
2016-06-08 10:18:42,740 - Loaded System Directive: org.apache.velocity.runtime.directive.Break
2016-06-08 10:18:42,742 - Loaded System Directive: org.apache.velocity.runtime.directive.Evaluate
2016-06-08 10:18:42,743 - Loaded System Directive: org.apache.velocity.runtime.directive.Literal
2016-06-08 10:18:42,746 - Loaded System Directive: org.apache.velocity.runtime.directive.Macro
2016-06-08 10:18:42,751 - Loaded System Directive: org.apache.velocity.runtime.directive.Parse
2016-06-08 10:18:42,756 - Loaded System Directive: org.apache.velocity.runtime.directive.Include
2016-06-08 10:18:42,758 - Loaded System Directive: org.apache.velocity.runtime.directive.Foreach
2016-06-08 10:18:42,801 - Created '20' parsers.
2016-06-08 10:18:42,811 - Velocimacro : "velocimacro.library" is not set.  Trying default library: VM_global_library.vm
2016-06-08 10:18:42,812 - Could not load resource 'VM_global_library.vm' from ResourceLoader org.apache.velocity.runtime.resource.loader.ClasspathResourceLoader: ClasspathResourceLoader Error: cannot find resource VM_global_library.vm
2016-06-08 10:18:42,812 - Velocimacro : Default library not found.
2016-06-08 10:18:42,812 - Velocimacro : allowInline = true : VMs can be defined inline in templates
2016-06-08 10:18:42,812 - Velocimacro : allowInlineToOverride = false : VMs defined inline may NOT replace previous VM definitions
2016-06-08 10:18:42,812 - Velocimacro : allowInlineLocal = false : VMs defined inline will be global in scope if allowed.
2016-06-08 10:18:42,812 - Velocimacro : autoload off : VM system will not automatically reload global library macros
2016-06-08 10:18:44,487 - ResourceManager : found hellovelocity.vm with loader org.apache.velocity.runtime.resource.loader.ClasspathResourceLoader
2016-06-08 10:20:09,167 - Log4JLogChute initialized using file 'velocity.log'
2016-06-08 10:20:09,169 - Initializing Velocity, Calling init()...
2016-06-08 10:20:09,169 - Starting Apache Velocity v1.7 (compiled: 2010-11-19 12:14:37)
2016-06-08 10:20:09,169 - Default Properties File: org/apache/velocity/runtime/defaults/velocity.properties
2016-06-08 10:20:09,169 - Trying to use logger class org.apache.velocity.runtime.log.AvalonLogChute
2016-06-08 10:20:09,169 - Target log system for org.apache.velocity.runtime.log.AvalonLogChute is not available (java.lang.NoClassDefFoundError: org/apache/log/format/Formatter).  Falling back to next log system...
2016-06-08 10:20:09,169 - Trying to use logger class org.apache.velocity.runtime.log.Log4JLogChute
2016-06-08 10:20:09,169 - Using logger class org.apache.velocity.runtime.log.Log4JLogChute
2016-06-08 10:20:09,174 - ResourceLoader instantiated: org.apache.velocity.runtime.resource.loader.ClasspathResourceLoader
2016-06-08 10:20:09,207 - ResourceCache: initialized (class org.apache.velocity.runtime.resource.ResourceCacheImpl) with class java.util.Collections$SynchronizedMap cache map.
2016-06-08 10:20:09,213 - Loaded System Directive: org.apache.velocity.runtime.directive.Stop
2016-06-08 10:20:09,218 - Loaded System Directive: org.apache.velocity.runtime.directive.Define
2016-06-08 10:20:09,219 - Loaded System Directive: org.apache.velocity.runtime.directive.Break
2016-06-08 10:20:09,221 - Loaded System Directive: org.apache.velocity.runtime.directive.Evaluate
2016-06-08 10:20:09,228 - Loaded System Directive: org.apache.velocity.runtime.directive.Literal
2016-06-08 10:20:09,233 - Loaded System Directive: org.apache.velocity.runtime.directive.Macro
2016-06-08 10:20:09,236 - Loaded System Directive: org.apache.velocity.runtime.directive.Parse
2016-06-08 10:20:09,241 - Loaded System Directive: org.apache.velocity.runtime.directive.Include
2016-06-08 10:20:09,243 - Loaded System Directive: org.apache.velocity.runtime.directive.Foreach
2016-06-08 10:20:09,346 - Created '20' parsers.
2016-06-08 10:20:09,360 - Velocimacro : "velocimacro.library" is not set.  Trying default library: VM_global_library.vm
2016-06-08 10:20:09,361 - Could not load resource 'VM_global_library.vm' from ResourceLoader org.apache.velocity.runtime.resource.loader.ClasspathResourceLoader: ClasspathResourceLoader Error: cannot find resource VM_global_library.vm
2016-06-08 10:20:09,361 - Velocimacro : Default library not found.
2016-06-08 10:20:09,361 - Velocimacro : allowInline = true : VMs can be defined inline in templates
2016-06-08 10:20:09,361 - Velocimacro : allowInlineToOverride = false : VMs defined inline may NOT replace previous VM definitions
2016-06-08 10:20:09,361 - Velocimacro : allowInlineLocal = false : VMs defined inline will be global in scope if allowed.
2016-06-08 10:20:09,361 - Velocimacro : autoload off : VM system will not automatically reload global library macros
2016-06-08 10:20:09,405 - ResourceManager : found hellovelocity.vm with loader org.apache.velocity.runtime.resource.loader.ClasspathResourceLoader
